# JRE version: Java(TM) SE Runtime Environment (13.0.1+9) (build 13.0.1+9)
# Java VM: Java HotSpot(TM) 64-Bit Server VM (13.0.1+9, mixed mode, sharing, tiered, compressed oops, g1 gc, bsd-amd64)
Heap:
 garbage-first heap   total 133120K, used 10148K [0x0000000780000000, 0x0000000800000000)
  region size 1024K, 6 young (6144K), 4 survivors (4096K)
 Metaspace       used 7587K, capacity 7848K, committed 8064K, reserved 1056768K
  class space    used 707K, capacity 779K, committed 896K, reserved 1048576K
GC Heap History (6 events):
Event: 1.823 GC heap before
{Heap before GC invocations=0 (full 0):
 garbage-first heap   total 133120K, used 24312K [0x0000000780000000, 0x0000000800000000)
  region size 1024K, 24 young (24576K), 0 survivors (0K)
 Metaspace       used 7173K, capacity 7368K, committed 7424K, reserved 1056768K
  class space    used 671K, capacity 747K, committed 768K, reserved 1048576K
}
Event: 1.832 GC heap after
{Heap after GC invocations=1 (full 0):
 garbage-first heap   total 133120K, used 8980K [0x0000000780000000, 0x0000000800000000)
  region size 1024K, 3 young (3072K), 3 survivors (3072K)
 Metaspace       used 7173K, capacity 7368K, committed 7424K, reserved 1056768K
  class space    used 671K, capacity 747K, committed 768K, reserved 1048576K
}
Event: 2.307 GC heap before
{Heap before GC invocations=1 (full 0):
 garbage-first heap   total 133120K, used 120596K [0x0000000780000000, 0x0000000800000000)
  region size 1024K, 76 young (77824K), 3 survivors (3072K)
 Metaspace       used 7452K, capacity 7656K, committed 7808K, reserved 1056768K
  class space    used 701K, capacity 779K, committed 896K, reserved 1048576K
}
Event: 2.316 GC heap after
{Heap after GC invocations=2 (full 0):
 garbage-first heap   total 133120K, used 31777K [0x0000000780000000, 0x0000000800000000)
  region size 1024K, 4 young (4096K), 4 survivors (4096K)
 Metaspace       used 7452K, capacity 7656K, committed 7808K, reserved 1056768K
  class space    used 701K, capacity 779K, committed 896K, reserved 1048576K
}
Event: 127.193 GC heap before
{Heap before GC invocations=2 (full 0):
 garbage-first heap   total 133120K, used 94241K [0x0000000780000000, 0x0000000800000000)
  region size 1024K, 65 young (66560K), 4 survivors (4096K)
 Metaspace       used 7584K, capacity 7784K, committed 8064K, reserved 1056768K
  class space    used 706K, capacity 779K, committed 896K, reserved 1048576K
}
Event: 127.198 GC heap after
{Heap after GC invocations=3 (full 0):
 garbage-first heap   total 133120K, used 9124K [0x0000000780000000, 0x0000000800000000)
  region size 1024K, 4 young (4096K), 4 survivors (4096K)
 Metaspace       used 7584K, capacity 7784K, committed 8064K, reserved 1056768K
  class space    used 706K, capacity 779K, committed 896K, reserved 1048576K
}

